2025-05-26 18:37:20,703 - energy_trainer - INFO - 🚀 Starting FastText model training...
2025-05-26 18:37:20,703 - energy_trainer - INFO - 📁 Training data: data/processed_text/energy_train_20250526_183431.txt
2025-05-26 18:37:20,703 - energy_trainer - INFO - 📁 Validation data: data/processed_text/energy_val_20250526_183431.txt
2025-05-26 18:37:20,703 - energy_trainer - INFO - 🔧 Training FastText model with parameters:
2025-05-26 18:37:20,703 - energy_trainer - INFO -   - Epochs: 10
2025-05-26 18:37:20,703 - energy_trainer - INFO -   - Learning rate: 0.5
2025-05-26 18:37:20,703 - energy_trainer - INFO -   - Word n-grams: 2
2025-05-26 18:37:20,703 - energy_trainer - INFO -   - Dimensions: 100
2025-05-26 18:37:21,173 - energy_trainer - INFO - ✅ Training completed in 0.47 seconds
2025-05-26 18:37:22,362 - energy_trainer - INFO - 💾 Model saved: models/energy_classifier_20250526_183721.bin
2025-05-26 18:37:22,362 - energy_trainer - INFO - 📊 Evaluating model performance...
2025-05-26 18:37:22,391 - energy_trainer - INFO - ✅ Evaluation results:
2025-05-26 18:37:22,391 - energy_trainer - INFO -   - Samples: 228
2025-05-26 18:37:22,391 - energy_trainer - INFO -   - Precision: 1.0000
2025-05-26 18:37:22,391 - energy_trainer - INFO -   - Recall: 1.0000
2025-05-26 18:37:22,391 - energy_trainer - INFO -   - F1-Score: 1.0000
2025-05-26 18:37:22,391 - energy_trainer - INFO - 🧪 Testing sample predictions...
2025-05-26 18:37:22,391 - energy_trainer - INFO - Sample 1: Solar energy systems for renewable power generatio...
2025-05-26 18:37:22,391 - energy_trainer - INFO -   Prediction: __label__nonenergy (confidence: 0.7434)
2025-05-26 18:37:22,391 - energy_trainer - INFO - Sample 2: Wind turbine optimization for offshore energy prod...
2025-05-26 18:37:22,391 - energy_trainer - INFO -   Prediction: __label__nonenergy (confidence: 0.9779)
2025-05-26 18:37:22,391 - energy_trainer - INFO - Sample 3: Battery storage technology for electric vehicle ap...
2025-05-26 18:37:22,391 - energy_trainer - INFO -   Prediction: __label__nonenergy (confidence: 0.9990)
2025-05-26 18:37:22,391 - energy_trainer - INFO - Sample 4: Smart grid infrastructure and demand response mana...
2025-05-26 18:37:22,391 - energy_trainer - INFO -   Prediction: __label__nonenergy (confidence: 0.9959)
2025-05-26 18:37:22,391 - energy_trainer - INFO - Sample 5: Natural gas pipeline transportation and distributi...
2025-05-26 18:37:22,391 - energy_trainer - INFO -   Prediction: __label__nonenergy (confidence: 0.9964)
2025-05-26 18:37:22,391 - energy_trainer - INFO - Sample 6: Machine learning algorithms for computer vision ap...
2025-05-26 18:37:22,391 - energy_trainer - INFO -   Prediction: __label__nonenergy (confidence: 1.0000)
2025-05-26 18:37:22,391 - energy_trainer - INFO - Sample 7: Social media impact on adolescent mental health ou...
2025-05-26 18:37:22,391 - energy_trainer - INFO -   Prediction: __label__nonenergy (confidence: 1.0000)
2025-05-26 18:37:22,391 - energy_trainer - INFO - Sample 8: Quantum computing cryptographic security protocols...
2025-05-26 18:37:22,391 - energy_trainer - INFO -   Prediction: __label__nonenergy (confidence: 0.9999)
2025-05-26 18:37:22,391 - energy_trainer - INFO - Sample 9: Biodiversity conservation in tropical rainforest e...
2025-05-26 18:37:22,391 - energy_trainer - INFO -   Prediction: __label__nonenergy (confidence: 1.0000)
2025-05-26 18:37:22,391 - energy_trainer - INFO - Sample 10: Pharmaceutical drug development clinical trial met...
2025-05-26 18:37:22,391 - energy_trainer - INFO -   Prediction: __label__nonenergy (confidence: 0.9999)
